Determining if the pthread_create exist failed with the following output:
Change Dir: /home/dy/project/pl-svo/cmake-build-debug/CMakeFiles/CMakeTmp

Run Build Command:"/usr/bin/make" "cmTC_6bdb5/fast"
/usr/bin/make -f CMakeFiles/cmTC_6bdb5.dir/build.make CMakeFiles/cmTC_6bdb5.dir/build
make[1]: Entering directory '/home/dy/project/pl-svo/cmake-build-debug/CMakeFiles/CMakeTmp'
Building C object CMakeFiles/cmTC_6bdb5.dir/CheckSymbolExists.c.o
/usr/bin/cc    -o CMakeFiles/cmTC_6bdb5.dir/CheckSymbolExists.c.o   -c /home/dy/project/pl-svo/cmake-build-debug/CMakeFiles/CMakeTmp/CheckSymbolExists.c
Linking C executable cmTC_6bdb5
/home/dy/release/software/clion-2017.2.3/bin/cmake/bin/cmake -E cmake_link_script CMakeFiles/cmTC_6bdb5.dir/link.txt --verbose=1
/usr/bin/cc      -rdynamic CMakeFiles/cmTC_6bdb5.dir/CheckSymbolExists.c.o  -o cmTC_6bdb5 
CMakeFiles/cmTC_6bdb5.dir/CheckSymbolExists.c.o：在函数‘main’中：
CheckSymbolExists.c:(.text+0x16)：对‘pthread_create’未定义的引用
collect2: error: ld returned 1 exit status
CMakeFiles/cmTC_6bdb5.dir/build.make:97: recipe for target 'cmTC_6bdb5' failed
make[1]: *** [cmTC_6bdb5] Error 1
make[1]: Leaving directory '/home/dy/project/pl-svo/cmake-build-debug/CMakeFiles/CMakeTmp'
Makefile:126: recipe for target 'cmTC_6bdb5/fast' failed
make: *** [cmTC_6bdb5/fast] Error 2

File /home/dy/project/pl-svo/cmake-build-debug/CMakeFiles/CMakeTmp/CheckSymbolExists.c:
/* */
#include <pthread.h>

int main(int argc, char** argv)
{
  (void)argv;
#ifndef pthread_create
  return ((int*)(&pthread_create))[argc];
#else
  (void)argc;
  return 0;
#endif
}

Determining if the function pthread_create exists in the pthreads failed with the following output:
Change Dir: /home/dy/project/pl-svo/cmake-build-debug/CMakeFiles/CMakeTmp

Run Build Command:"/usr/bin/make" "cmTC_4fd94/fast"
/usr/bin/make -f CMakeFiles/cmTC_4fd94.dir/build.make CMakeFiles/cmTC_4fd94.dir/build
make[1]: Entering directory '/home/dy/project/pl-svo/cmake-build-debug/CMakeFiles/CMakeTmp'
Building C object CMakeFiles/cmTC_4fd94.dir/CheckFunctionExists.c.o
/usr/bin/cc   -DCHECK_FUNCTION_EXISTS=pthread_create   -o CMakeFiles/cmTC_4fd94.dir/CheckFunctionExists.c.o   -c /home/dy/release/software/clion-2017.2.3/bin/cmake/share/cmake-3.8/Modules/CheckFunctionExists.c
Linking C executable cmTC_4fd94
/home/dy/release/software/clion-2017.2.3/bin/cmake/bin/cmake -E cmake_link_script CMakeFiles/cmTC_4fd94.dir/link.txt --verbose=1
/usr/bin/cc  -DCHECK_FUNCTION_EXISTS=pthread_create    -rdynamic CMakeFiles/cmTC_4fd94.dir/CheckFunctionExists.c.o  -o cmTC_4fd94 -lpthreads 
/usr/bin/ld: 找不到 -lpthreads
collect2: error: ld returned 1 exit status
CMakeFiles/cmTC_4fd94.dir/build.make:97: recipe for target 'cmTC_4fd94' failed
make[1]: *** [cmTC_4fd94] Error 1
make[1]: Leaving directory '/home/dy/project/pl-svo/cmake-build-debug/CMakeFiles/CMakeTmp'
Makefile:126: recipe for target 'cmTC_4fd94/fast' failed
make: *** [cmTC_4fd94/fast] Error 2


